# JRE version: OpenJDK Runtime Environment Temurin-11.0.29+7 (11.0.29+7) (build 11.0.29+7)
# Java VM: OpenJDK 64-Bit Server VM Temurin-11.0.29+7 (11.0.29+7, mixed mode, tiered, compressed oops, g1 gc, windows-amd64)
Heap:
 garbage-first heap   total 524288K, used 69658K [0x00000000c0000000, 0x0000000100000000)
  region size 1024K, 25 young (25600K), 8 survivors (8192K)
 Metaspace       used 36717K, capacity 37745K, committed 37968K, reserved 548864K
  class space    used 4901K, capacity 5292K, committed 5376K, reserved 516096K
GC Heap History (10 events):
Event: 0.354 GC heap before
{Heap before GC invocations=0 (full 0):
 garbage-first heap   total 524288K, used 29696K [0x00000000c0000000, 0x0000000100000000)
  region size 1024K, 25 young (25600K), 0 survivors (0K)
 Metaspace       used 9895K, capacity 10074K, committed 10368K, reserved 526336K
  class space    used 978K, capacity 1045K, committed 1152K, reserved 516096K
}
Event: 0.356 GC heap after
{Heap after GC invocations=1 (full 0):
 garbage-first heap   total 524288K, used 10864K [0x00000000c0000000, 0x0000000100000000)
  region size 1024K, 4 young (4096K), 4 survivors (4096K)
 Metaspace       used 9895K, capacity 10074K, committed 10368K, reserved 526336K
  class space    used 978K, capacity 1045K, committed 1152K, reserved 516096K
}
Event: 1.722 GC heap before
{Heap before GC invocations=1 (full 0):
 garbage-first heap   total 524288K, used 107120K [0x00000000c0000000, 0x0000000100000000)
  region size 1024K, 98 young (100352K), 4 survivors (4096K)
 Metaspace       used 20844K, capacity 21230K, committed 21296K, reserved 536576K
  class space    used 2383K, capacity 2540K, committed 2560K, reserved 516096K
}
Event: 1.728 GC heap after
{Heap after GC invocations=2 (full 0):
 garbage-first heap   total 524288K, used 18675K [0x00000000c0000000, 0x0000000100000000)
  region size 1024K, 12 young (12288K), 12 survivors (12288K)
 Metaspace       used 20844K, capacity 21230K, committed 21296K, reserved 536576K
  class space    used 2383K, capacity 2540K, committed 2560K, reserved 516096K
}
Event: 1.930 GC heap before
{Heap before GC invocations=3 (full 0):
 garbage-first heap   total 524288K, used 49395K [0x00000000c0000000, 0x0000000100000000)
  region size 1024K, 42 young (43008K), 12 survivors (12288K)
 Metaspace       used 23717K, capacity 24316K, committed 24448K, reserved 538624K
  class space    used 2851K, capacity 3091K, committed 3200K, reserved 516096K
}
Event: 1.937 GC heap after
{Heap after GC invocations=4 (full 0):
 garbage-first heap   total 524288K, used 19833K [0x00000000c0000000, 0x0000000100000000)
  region size 1024K, 2 young (2048K), 2 survivors (2048K)
 Metaspace       used 23717K, capacity 24316K, committed 24448K, reserved 538624K
  class space    used 2851K, capacity 3091K, committed 3200K, reserved 516096K
}
Event: 2.461 GC heap before
{Heap before GC invocations=4 (full 0):
 garbage-first heap   total 524288K, used 142713K [0x00000000c0000000, 0x0000000100000000)
  region size 1024K, 96 young (98304K), 2 survivors (2048K)
 Metaspace       used 31552K, capacity 32476K, committed 32640K, reserved 544768K
  class space    used 4106K, capacity 4473K, committed 4480K, reserved 516096K
}
Event: 2.463 GC heap after
{Heap after GC invocations=5 (full 0):
 garbage-first heap   total 524288K, used 52290K [0x00000000c0000000, 0x0000000100000000)
  region size 1024K, 7 young (7168K), 7 survivors (7168K)
 Metaspace       used 31552K, capacity 32476K, committed 32640K, reserved 544768K
  class space    used 4106K, capacity 4473K, committed 4480K, reserved 516096K
}
Event: 2.693 GC heap before
{Heap before GC invocations=5 (full 0):
 garbage-first heap   total 524288K, used 96322K [0x00000000c0000000, 0x0000000100000000)
  region size 1024K, 51 young (52224K), 7 survivors (7168K)
 Metaspace       used 34745K, capacity 35730K, committed 35920K, reserved 548864K
  class space    used 4603K, capacity 5006K, committed 5120K, reserved 516096K
}
Event: 2.698 GC heap after
{Heap after GC invocations=6 (full 0):
 garbage-first heap   total 524288K, used 53274K [0x00000000c0000000, 0x0000000100000000)
  region size 1024K, 8 young (8192K), 8 survivors (8192K)
 Metaspace       used 34745K, capacity 35730K, committed 35920K, reserved 548864K
  class space    used 4603K, capacity 5006K, committed 5120K, reserved 516096K
}

